SF:lib\models\detail_restaurant.dart
DA:12,0
DA:20,1
DA:21,2
DA:23,1
DA:24,2
DA:25,3
DA:26,1
DA:28,2
DA:29,6
DA:31,2
DA:32,6
DA:34,1
DA:35,2
DA:36,2
DA:37,1
DA:40,0
DA:41,0
DA:43,0
DA:45,0
DA:47,0
DA:48,0
DA:50,0
DA:51,0
DA:53,0
DA:56,0
DA:57,0
DA:58,0
DA:63,0
DA:64,1
DA:65,1
LF:30
LH:16
end_of_record
SF:lib\models\restaurant.dart
DA:11,0
DA:20,1
DA:21,2
DA:22,2
DA:23,2
DA:24,2
DA:25,2
DA:26,4
DA:29,0
DA:30,0
DA:31,0
DA:32,0
DA:33,0
DA:34,0
DA:35,0
DA:38,0
DA:40,0
DA:43,0
DA:44,0
DA:45,0
DA:46,0
LF:21
LH:7
end_of_record
SF:lib\services\restaurant_service.dart
DA:10,1
DA:12,1
DA:14,4
DA:15,2
DA:17,1
DA:18,1
DA:19,1
DA:20,4
DA:23,1
DA:29,0
DA:30,0
DA:37,1
DA:39,4
DA:40,2
DA:41,1
DA:42,1
DA:45,3
DA:53,0
DA:55,0
DA:56,0
DA:57,0
DA:59,0
DA:60,0
DA:61,0
DA:62,0
DA:65,0
DA:71,0
LF:27
LH:15
end_of_record
SF:lib\models\restaurant_review.dart
DA:6,0
DA:12,1
DA:13,2
DA:14,2
DA:15,2
DA:18,0
DA:19,0
DA:20,0
DA:21,0
LF:9
LH:4
end_of_record
SF:lib\services\favorite_service.dart
DA:6,0
DA:10,1
DA:14,2
DA:16,1
DA:17,1
DA:18,0
DA:19,0
DA:20,0
DA:21,0
DA:32,0
DA:40,1
DA:41,1
DA:42,0
DA:45,0
DA:46,0
DA:47,0
DA:50,0
DA:51,0
DA:52,0
DA:53,0
DA:56,1
DA:57,1
DA:58,0
DA:61,0
DA:64,0
DA:67,0
DA:71,0
DA:72,0
DA:73,0
DA:76,0
DA:80,1
DA:82,1
LF:32
LH:10
end_of_record
