SF:lib\data\datasources\tv_series_local_data_source.dart
DA:14,1
DA:16,1
DA:18,2
DA:20,1
DA:26,1
DA:28,2
DA:29,4
DA:32,1
DA:35,2
DA:38,2
DA:42,1
DA:45,2
DA:48,2
LF:13
LH:13
end_of_record
SF:lib\data\models\tv_series_table.dart
DA:11,21
DA:18,2
DA:19,1
DA:20,1
DA:21,1
DA:22,1
DA:25,2
DA:26,1
DA:27,1
DA:28,1
DA:29,1
DA:32,0
DA:33,0
DA:34,0
DA:35,0
DA:36,0
DA:39,2
DA:40,1
DA:41,1
DA:42,1
DA:43,1
DA:46,2
DA:47,2
DA:48,2
DA:49,2
DA:50,2
DA:51,2
LF:27
LH:22
end_of_record
SF:lib\domain\entities\creator.dart
DA:10,22
DA:18,3
DA:19,3
DA:20,3
DA:21,3
DA:22,3
DA:23,3
DA:24,3
LF:8
LH:8
end_of_record
SF:lib\domain\entities\genre.dart
DA:4,6
DA:12,3
DA:13,9
LF:3
LH:3
end_of_record
SF:lib\domain\entities\last_episode.dart
DA:15,22
DA:28,3
DA:29,3
DA:30,3
DA:31,3
DA:32,3
DA:33,3
DA:34,3
DA:35,3
DA:36,3
DA:37,3
DA:38,3
DA:39,3
LF:13
LH:13
end_of_record
SF:lib\domain\entities\network_channel.dart
DA:9,22
DA:16,3
DA:17,3
DA:18,3
DA:19,3
DA:20,3
DA:21,3
LF:7
LH:7
end_of_record
SF:lib\domain\entities\production_company.dart
DA:9,22
DA:16,3
DA:17,3
DA:18,3
DA:19,3
DA:20,3
DA:21,3
LF:7
LH:7
end_of_record
SF:lib\domain\entities\production_country.dart
DA:7,22
DA:12,3
DA:13,3
DA:14,3
DA:15,3
LF:5
LH:5
end_of_record
SF:lib\domain\entities\season.dart
DA:12,22
DA:22,3
DA:23,3
DA:24,3
DA:25,3
DA:26,3
DA:27,3
DA:28,3
DA:29,3
DA:30,3
LF:10
LH:10
end_of_record
SF:lib\domain\entities\spoken_language.dart
DA:8,22
DA:14,3
DA:15,3
DA:16,3
DA:17,3
DA:18,3
LF:6
LH:6
end_of_record
SF:lib\domain\entities\tv_detail.dart
DA:45,5
DA:78,2
DA:79,2
DA:80,2
DA:81,2
DA:82,2
DA:83,2
DA:84,2
DA:85,2
DA:86,2
DA:87,2
DA:88,2
DA:89,2
DA:90,2
DA:91,2
DA:92,2
DA:93,2
DA:94,2
DA:95,2
DA:96,2
DA:97,2
DA:98,2
DA:99,2
DA:100,2
DA:101,2
DA:102,2
DA:103,2
DA:104,2
DA:105,2
DA:106,2
DA:107,2
DA:108,2
DA:109,2
LF:33
LH:33
end_of_record
SF:lib\domain\entities\tv_series.dart
DA:18,15
DA:34,1
DA:41,8
DA:42,8
DA:43,8
DA:44,8
DA:45,8
DA:46,8
DA:47,8
DA:48,8
DA:49,8
DA:50,8
DA:51,8
DA:52,8
DA:53,8
DA:54,8
DA:55,8
LF:17
LH:17
end_of_record
SF:lib\data\datasources\db\database_tv_series_helper.dart
DA:7,0
DA:11,0
DA:15,0
DA:16,0
DA:22,0
DA:23,0
DA:24,0
DA:26,0
DA:30,0
DA:31,0
DA:38,0
DA:41,0
DA:42,0
DA:43,0
DA:46,0
DA:47,0
DA:48,0
DA:51,0
DA:55,0
DA:56,0
DA:57,0
DA:60,0
DA:63,0
DA:64,0
DA:70,0
DA:71,0
DA:72,0
LF:27
LH:0
end_of_record
SF:lib\data\datasources\tv_remote_data_source.dart
DA:21,1
DA:23,1
DA:25,6
DA:26,2
DA:27,4
DA:29,1
DA:33,1
DA:35,2
DA:36,4
DA:38,2
DA:39,4
DA:41,1
DA:45,1
DA:47,2
DA:48,4
DA:51,2
DA:52,4
DA:54,1
DA:58,1
DA:60,6
DA:61,2
DA:62,3
DA:64,1
DA:68,1
DA:70,2
DA:71,4
DA:74,2
DA:75,4
DA:77,1
DA:81,1
DA:83,2
DA:84,4
DA:87,2
DA:88,4
DA:90,1
LF:35
LH:35
end_of_record
SF:lib\data\models\tv_series_detail_model.dart
DA:44,2
DA:77,2
DA:78,1
DA:79,1
DA:80,1
DA:81,1
DA:82,4
DA:83,1
DA:84,3
DA:85,0
DA:87,4
DA:88,1
DA:89,1
DA:90,3
DA:91,2
DA:93,1
DA:94,2
DA:95,3
DA:96,2
DA:98,1
DA:99,1
DA:100,4
DA:101,1
DA:102,1
DA:103,2
DA:104,1
DA:105,1
DA:106,2
DA:108,1
DA:109,4
DA:111,3
DA:112,2
DA:114,1
DA:115,1
DA:116,0
DA:117,2
DA:119,1
DA:120,1
DA:121,2
DA:122,1
DA:123,1
DA:126,0
DA:127,0
DA:128,0
DA:129,0
DA:130,0
DA:131,0
DA:132,0
DA:133,0
DA:134,0
DA:135,0
DA:136,0
DA:137,0
DA:138,0
DA:139,0
DA:140,0
DA:141,0
DA:142,0
DA:143,0
DA:144,0
DA:145,0
DA:146,0
DA:147,0
DA:148,0
DA:149,0
DA:151,0
DA:152,0
DA:154,0
DA:155,0
DA:156,0
DA:158,0
DA:159,0
DA:160,0
DA:161,0
DA:162,0
DA:165,1
DA:166,1
DA:167,1
DA:168,1
DA:169,1
DA:170,1
DA:171,1
DA:172,1
DA:173,1
DA:174,1
DA:175,1
DA:176,1
DA:177,1
DA:178,1
DA:179,1
DA:180,1
DA:181,1
DA:182,1
DA:183,1
DA:184,1
DA:185,1
DA:186,1
DA:187,1
DA:188,1
DA:189,1
DA:190,1
DA:191,1
DA:192,1
DA:193,1
DA:194,1
DA:195,1
DA:196,1
DA:199,2
DA:200,1
DA:201,1
DA:202,1
DA:203,1
DA:204,1
DA:205,1
DA:206,1
DA:207,1
DA:208,1
DA:209,1
DA:210,1
DA:211,1
DA:212,1
DA:213,1
DA:214,1
DA:215,5
DA:216,1
DA:217,5
DA:218,1
DA:219,1
DA:220,2
DA:221,5
DA:222,1
DA:223,1
DA:224,2
DA:225,2
DA:226,1
DA:227,2
DA:228,2
DA:229,1
DA:230,2
DA:231,2
DA:232,1
DA:233,2
DA:234,2
DA:235,1
DA:236,1
DA:237,1
LF:146
LH:110
end_of_record
SF:lib\data\models\tv_series_model.dart
DA:19,5
DA:35,4
DA:36,2
DA:37,2
DA:38,2
DA:39,2
DA:40,8
DA:41,8
DA:42,2
DA:43,2
DA:44,4
DA:45,4
DA:46,2
DA:47,2
DA:48,2
DA:51,2
DA:52,1
DA:53,1
DA:54,1
DA:55,1
DA:56,4
DA:57,4
DA:58,1
DA:59,1
DA:60,1
DA:61,1
DA:62,1
DA:63,1
DA:64,1
DA:67,2
DA:68,2
DA:69,2
DA:70,2
DA:71,2
DA:72,2
DA:73,2
DA:74,2
DA:75,2
DA:76,2
DA:77,2
DA:78,2
DA:79,2
DA:80,2
DA:81,2
DA:84,4
DA:85,2
DA:86,2
DA:87,2
DA:88,2
DA:89,2
DA:90,2
DA:91,2
DA:92,2
DA:93,2
DA:94,2
DA:95,2
DA:96,2
DA:97,2
LF:58
LH:58
end_of_record
SF:lib\data\models\tv_series_response.dart
DA:7,3
DA:9,2
DA:10,2
DA:11,2
DA:12,8
DA:13,10
DA:18,2
DA:19,5
DA:22,1
DA:23,2
LF:10
LH:10
end_of_record
SF:lib\data\models\creator_model.dart
DA:11,3
DA:19,2
DA:20,1
DA:21,1
DA:22,1
DA:23,1
DA:24,1
DA:27,2
DA:28,1
DA:29,1
DA:30,1
DA:31,1
DA:32,1
DA:35,4
DA:36,2
DA:37,2
DA:38,2
DA:39,2
DA:40,2
DA:43,1
DA:44,1
DA:45,1
DA:46,1
DA:47,1
DA:48,1
DA:49,1
LF:26
LH:26
end_of_record
SF:lib\data\models\genre_model.dart
DA:5,4
DA:13,4
DA:14,2
DA:15,2
DA:18,2
DA:19,1
DA:20,1
DA:23,2
DA:24,6
DA:27,2
DA:28,6
LF:11
LH:11
end_of_record
SF:lib\data\models\last_episode_model.dart
DA:16,4
DA:29,4
DA:30,2
DA:31,2
DA:32,2
DA:33,2
DA:34,2
DA:35,2
DA:36,2
DA:37,2
DA:38,4
DA:39,2
DA:42,2
DA:43,1
DA:44,1
DA:45,1
DA:46,1
DA:47,1
DA:48,1
DA:49,1
DA:50,1
DA:51,1
DA:52,1
DA:55,4
DA:56,2
DA:57,2
DA:58,2
DA:59,2
DA:60,2
DA:61,2
DA:62,2
DA:63,2
DA:64,2
DA:65,2
DA:68,2
DA:69,2
DA:70,2
DA:71,2
DA:72,2
DA:73,2
DA:74,2
DA:75,2
DA:76,2
DA:77,2
DA:78,2
DA:79,2
LF:46
LH:46
end_of_record
SF:lib\data\models\network_channel_model.dart
DA:10,4
DA:17,4
DA:18,2
DA:19,2
DA:20,2
DA:21,2
DA:24,2
DA:25,1
DA:26,1
DA:27,1
DA:28,1
DA:31,4
DA:32,2
DA:33,2
DA:34,2
DA:35,2
DA:38,2
DA:39,2
DA:40,2
DA:41,2
DA:42,2
DA:43,2
LF:22
LH:22
end_of_record
SF:lib\data\models\production_company_model.dart
DA:10,3
DA:17,2
DA:18,2
DA:19,1
DA:20,1
DA:21,1
DA:24,2
DA:25,1
DA:26,1
DA:27,1
DA:28,1
DA:31,4
DA:32,2
DA:33,2
DA:34,2
DA:35,2
DA:38,1
DA:39,1
DA:40,1
DA:41,1
DA:42,1
DA:43,1
LF:22
LH:22
end_of_record
SF:lib\data\models\production_country_model.dart
DA:8,4
DA:13,4
DA:14,2
DA:15,2
DA:18,2
DA:19,1
DA:20,1
DA:23,8
DA:25,2
DA:26,2
DA:27,2
DA:28,2
LF:12
LH:12
end_of_record
SF:lib\data\models\season_model.dart
DA:13,4
DA:23,4
DA:24,2
DA:25,2
DA:26,2
DA:27,2
DA:28,2
DA:29,2
DA:30,2
DA:33,2
DA:34,1
DA:35,1
DA:36,1
DA:37,1
DA:38,1
DA:39,1
DA:40,1
DA:43,4
DA:44,2
DA:45,2
DA:46,2
DA:47,2
DA:48,2
DA:49,2
DA:50,2
DA:53,2
DA:54,2
DA:55,2
DA:56,2
DA:57,2
DA:58,2
DA:59,2
DA:60,2
DA:61,2
LF:34
LH:34
end_of_record
SF:lib\data\models\spoken_language_model.dart
DA:9,3
DA:15,2
DA:16,1
DA:17,1
DA:18,1
DA:21,2
DA:22,1
DA:23,1
DA:24,1
DA:27,4
DA:28,2
DA:29,2
DA:30,2
DA:33,1
DA:34,1
DA:35,1
DA:36,1
DA:37,1
LF:18
LH:18
end_of_record
SF:lib\data\repositories\tv_series_repository_impl.dart
DA:15,1
DA:20,1
DA:23,2
DA:24,2
DA:25,1
DA:27,1
DA:29,0
DA:34,1
DA:37,2
DA:38,5
DA:39,1
DA:41,1
DA:43,0
DA:48,1
DA:51,2
DA:52,5
DA:53,1
DA:55,1
DA:57,0
DA:62,1
DA:65,2
DA:66,5
DA:67,1
DA:69,1
DA:71,0
DA:76,1
DA:79,2
DA:80,3
DA:81,1
DA:83,1
DA:85,0
DA:90,1
DA:93,2
DA:94,5
DA:95,1
DA:97,1
DA:99,0
DA:104,1
DA:106,2
DA:107,5
DA:110,1
DA:112,2
DA:116,1
DA:119,3
DA:120,1
DA:121,1
DA:122,3
DA:126,1
DA:129,3
DA:130,1
DA:131,1
DA:132,3
LF:52
LH:46
end_of_record
SF:lib\domain\usecases\get_now_playing_tv_series.dart
DA:8,1
DA:10,1
DA:11,2
LF:3
LH:3
end_of_record
SF:lib\domain\usecases\get_popular_tv_series.dart
DA:8,1
DA:10,1
DA:11,2
LF:3
LH:3
end_of_record
SF:lib\domain\usecases\get_top_rated_tv_series.dart
DA:8,1
DA:10,1
DA:11,2
LF:3
LH:3
end_of_record
SF:lib\domain\usecases\get_tv_series_detail.dart
DA:8,1
DA:10,1
DA:11,2
LF:3
LH:3
end_of_record
SF:lib\domain\usecases\get_tv_series_recommendations.dart
DA:8,1
DA:10,1
DA:11,2
LF:3
LH:3
end_of_record
SF:lib\domain\usecases\get_watchlist_tv_series_status.dart
DA:6,1
DA:8,1
DA:9,2
LF:3
LH:3
end_of_record
SF:lib\domain\usecases\get_watchlist_tv_series.dart
DA:8,1
DA:10,1
DA:11,2
LF:3
LH:3
end_of_record
SF:lib\domain\usecases\remove_tv_series_watchlist.dart
DA:8,1
DA:10,1
DA:11,2
LF:3
LH:3
end_of_record
SF:lib\domain\usecases\save_watchlist_tv_series.dart
DA:8,1
DA:10,1
DA:11,2
LF:3
LH:3
end_of_record
SF:lib\domain\usecases\search_tv_series.dart
DA:8,1
DA:10,1
DA:11,2
LF:3
LH:3
end_of_record
SF:lib\presentation\bloc\detail\detail_tv_series_state.dart
DA:4,2
DA:6,1
DA:7,1
DA:16,1
DA:18,1
DA:19,2
DA:24,2
DA:26,1
DA:27,2
LF:9
LH:9
end_of_record
SF:lib\presentation\bloc\detail\detail_tv_series_event.dart
DA:4,1
DA:6,0
DA:7,0
DA:12,1
DA:14,0
DA:15,0
LF:6
LH:2
end_of_record
SF:lib\presentation\bloc\detail\detail_tv_series_bloc.dart
DA:12,3
DA:13,2
DA:14,2
DA:16,3
DA:17,2
DA:18,3
DA:19,1
DA:20,2
LF:8
LH:8
end_of_record
SF:lib\presentation\bloc\now_playing\now_playing_tv_series_bloc.dart
DA:12,3
DA:13,2
DA:14,2
DA:16,2
DA:17,2
DA:18,3
DA:19,1
DA:20,2
LF:8
LH:8
end_of_record
SF:lib\presentation\bloc\now_playing\now_playing_tv_series_state.dart
DA:4,4
DA:6,1
DA:7,1
DA:17,3
DA:19,1
DA:20,2
DA:25,2
DA:27,1
DA:28,2
LF:9
LH:9
end_of_record
SF:lib\presentation\bloc\now_playing\now_playing_tv_series_event.dart
DA:4,2
DA:6,0
DA:7,0
LF:3
LH:1
end_of_record
SF:lib\presentation\bloc\popular\popular_tv_series_state.dart
DA:4,4
DA:6,1
DA:7,1
DA:16,2
DA:18,1
DA:19,2
DA:24,3
DA:26,1
DA:27,2
LF:9
LH:9
end_of_record
SF:lib\presentation\bloc\popular\popular_tv_series_bloc.dart
DA:11,3
DA:12,2
DA:13,2
DA:15,2
DA:16,2
DA:17,3
DA:18,1
DA:19,2
LF:8
LH:8
end_of_record
SF:lib\presentation\bloc\popular\popular_tv_series_event.dart
DA:4,2
DA:6,0
DA:7,0
LF:3
LH:1
end_of_record
SF:lib\presentation\bloc\recommendation\recommendation_tv_series_state.dart
DA:4,2
DA:6,1
DA:7,1
DA:16,1
DA:18,1
DA:19,2
DA:24,2
DA:26,1
DA:27,2
LF:9
LH:9
end_of_record
SF:lib\presentation\bloc\recommendation\recommendation_tv_series_bloc.dart
DA:12,3
DA:13,2
DA:14,2
DA:16,3
DA:17,2
DA:18,3
DA:19,1
DA:20,2
LF:8
LH:8
end_of_record
SF:lib\presentation\bloc\recommendation\recommendation_tv_series_event.dart
DA:4,1
DA:6,0
DA:7,0
DA:12,1
DA:14,0
DA:15,0
LF:6
LH:2
end_of_record
SF:lib\presentation\bloc\search\search_tv_series_state.dart
DA:4,4
DA:6,1
DA:7,1
DA:16,2
DA:18,1
DA:19,2
DA:24,3
DA:26,1
DA:27,2
LF:9
LH:9
end_of_record
SF:lib\presentation\bloc\search\search_tv_series_event.dart
DA:4,1
DA:6,0
DA:7,0
DA:12,1
DA:14,0
DA:15,0
LF:6
LH:2
end_of_record
SF:lib\presentation\bloc\search\search_tv_series_bloc.dart
DA:13,1
DA:14,3
DA:17,3
DA:18,2
DA:19,2
DA:21,3
DA:22,2
DA:23,3
DA:24,1
DA:25,2
DA:28,1
LF:11
LH:11
end_of_record
SF:lib\presentation\bloc\top_rated\top_rated_tv_series_event.dart
DA:4,2
DA:6,0
DA:7,0
LF:3
LH:1
end_of_record
SF:lib\presentation\bloc\top_rated\top_rated_tv_series_bloc.dart
DA:11,3
DA:12,2
DA:13,2
DA:15,2
DA:16,2
DA:17,3
DA:18,1
DA:19,2
LF:8
LH:8
end_of_record
SF:lib\presentation\bloc\top_rated\top_rated_tv_series_state.dart
DA:4,4
DA:6,1
DA:7,1
DA:16,2
DA:18,1
DA:19,2
DA:24,3
DA:26,1
DA:27,2
LF:9
LH:9
end_of_record
SF:lib\presentation\bloc\watchlist\watchlist_tv_series_state.dart
DA:4,4
DA:6,1
DA:7,1
DA:16,2
DA:18,1
DA:19,2
DA:24,3
DA:26,1
DA:27,2
LF:9
LH:9
end_of_record
SF:lib\presentation\bloc\watchlist\watchlist_tv_series_event.dart
DA:4,2
DA:6,0
DA:7,0
LF:3
LH:1
end_of_record
SF:lib\presentation\bloc\watchlist\watchlist_tv_series_bloc.dart
DA:12,3
DA:13,2
DA:14,2
DA:16,2
DA:17,2
DA:18,3
DA:19,1
DA:20,2
LF:8
LH:8
end_of_record
SF:lib\presentation\bloc\watchlist_status\watchlist_tv_series_status_state.dart
DA:4,1
DA:6,1
DA:7,1
DA:16,0
DA:18,0
DA:19,0
DA:25,1
DA:27,1
DA:28,3
LF:9
LH:6
end_of_record
SF:lib\presentation\bloc\watchlist_status\watchlist_tv_series_status_event.dart
DA:4,1
DA:6,0
DA:7,0
DA:12,1
DA:14,0
DA:15,0
DA:20,0
DA:22,0
DA:23,0
DA:28,0
DA:30,0
DA:31,0
LF:12
LH:2
end_of_record
SF:lib\presentation\bloc\watchlist_status\watchlist_tv_series_status_bloc.dart
DA:16,1
DA:20,2
DA:22,2
DA:23,2
DA:25,2
DA:26,1
DA:28,2
DA:34,1
DA:35,0
DA:37,0
DA:39,0
DA:40,0
DA:41,0
DA:42,0
DA:43,0
DA:46,0
DA:53,1
DA:54,0
DA:56,0
DA:58,0
DA:59,0
DA:60,0
DA:61,0
DA:62,0
DA:64,0
LF:25
LH:9
end_of_record
SF:lib\presentation\pages\home_tv_series_page.dart
DA:11,0
DA:13,0
DA:14,0
DA:18,0
DA:20,0
DA:21,0
DA:22,0
DA:23,0
DA:24,0
DA:28,0
DA:30,0
DA:31,0
DA:32,0
DA:33,0
DA:41,0
DA:44,0
DA:45,0
DA:51,0
DA:54,0
DA:55,0
DA:58,0
DA:61,0
DA:62,0
DA:65,0
DA:68,0
DA:69,0
DA:72,0
DA:73,0
DA:74,0
DA:84,0
DA:85,0
DA:86,0
DA:87,0
DA:93,0
DA:94,0
DA:96,0
DA:97,0
DA:99,0
DA:101,0
DA:114,0
DA:115,0
DA:116,0
DA:117,0
DA:119,0
DA:124,0
DA:125,0
DA:126,0
DA:128,0
DA:129,0
DA:139,0
DA:140,0
DA:141,0
DA:142,0
DA:144,0
DA:146,0
DA:147,0
DA:148,0
DA:150,0
DA:151,0
DA:161,0
DA:162,0
DA:163,0
DA:164,0
DA:166,0
DA:168,0
DA:169,0
DA:170,0
DA:172,0
DA:173,0
DA:183,0
DA:184,0
DA:185,0
DA:187,0
DA:188,0
DA:191,0
DA:193,0
DA:194,0
DA:196,0
DA:197,0
DA:198,0
DA:199,0
DA:210,0
DA:212,0
DA:214,0
DA:216,0
DA:218,0
DA:219,0
DA:220,0
DA:222,0
DA:223,0
DA:224,0
DA:227,0
DA:230,0
DA:232,0
DA:233,0
DA:234,0
DA:237,0
DA:243,0
LF:98
LH:0
end_of_record
SF:lib\presentation\pages\now_playing_tv_series_page.dart
DA:8,1
DA:10,1
DA:11,1
DA:15,1
DA:17,1
DA:18,5
DA:19,1
DA:23,1
DA:25,1
DA:26,1
DA:29,1
DA:31,1
DA:32,1
DA:33,1
DA:35,1
DA:36,1
DA:37,2
DA:38,2
DA:40,2
LF:19
LH:19
end_of_record
SF:lib\presentation\widgets\tv_series_card_list.dart
DA:8,12
DA:10,6
DA:12,6
DA:14,6
DA:15,1
DA:16,1
DA:19,2
DA:22,6
DA:24,6
DA:25,6
DA:26,6
DA:32,6
DA:34,6
DA:35,6
DA:36,12
DA:39,18
DA:42,6
DA:43,12
DA:51,6
DA:56,6
DA:58,6
DA:59,18
DA:61,6
DA:64,0
LF:24
LH:23
end_of_record
SF:lib\presentation\pages\popular_tv_series_page.dart
DA:7,1
DA:9,1
DA:10,1
DA:14,1
DA:16,1
DA:17,5
DA:18,1
DA:22,1
DA:24,1
DA:25,1
DA:28,1
DA:30,1
DA:31,1
DA:32,1
DA:34,1
DA:41,1
DA:42,1
DA:43,1
DA:44,2
DA:45,1
DA:47,2
LF:21
LH:21
end_of_record
SF:lib\presentation\pages\search_tv_series_page.dart
DA:7,1
DA:9,1
DA:11,1
DA:12,1
DA:15,1
DA:17,1
DA:19,1
DA:20,1
DA:21,0
DA:22,0
DA:23,0
DA:34,1
DA:36,3
DA:38,1
DA:39,1
DA:40,1
DA:42,1
DA:48,1
DA:49,1
DA:50,1
DA:52,1
DA:53,2
DA:54,1
DA:56,2
LF:24
LH:21
end_of_record
SF:lib\presentation\pages\top_rated_tv_series_page.dart
DA:7,1
DA:9,1
DA:10,1
DA:14,1
DA:16,1
DA:17,5
DA:18,1
DA:22,1
DA:24,1
DA:25,1
DA:28,1
DA:30,1
DA:31,1
DA:32,1
DA:34,1
DA:35,1
DA:36,1
DA:37,2
DA:38,1
DA:40,2
LF:20
LH:20
end_of_record
SF:lib\presentation\pages\tv_series_detail_page.dart
DA:14,0
DA:16,0
DA:17,0
DA:21,0
DA:23,0
DA:24,0
DA:25,0
DA:26,0
DA:28,0
DA:29,0
DA:31,0
DA:32,0
DA:37,0
DA:39,0
DA:40,0
DA:41,0
DA:42,0
DA:44,0
DA:45,0
DA:46,0
DA:47,0
DA:60,0
DA:62,0
DA:64,0
DA:66,0
DA:67,0
DA:70,0
DA:72,0
DA:73,0
DA:79,0
DA:80,0
DA:81,0
DA:83,0
DA:86,0
DA:90,0
DA:91,0
DA:93,0
DA:94,0
DA:95,0
DA:96,0
DA:98,0
DA:99,0
DA:100,0
DA:101,0
DA:102,0
DA:103,0
DA:104,0
DA:111,0
DA:112,0
DA:113,0
DA:114,0
DA:116,0
DA:117,0
DA:121,0
DA:122,0
DA:123,0
DA:124,0
DA:127,0
DA:128,0
DA:140,0
DA:141,0
DA:142,0
DA:143,0
DA:144,0
DA:146,0
DA:152,0
DA:159,0
DA:160,0
DA:162,0
DA:163,0
DA:165,0
DA:167,0
DA:169,0
DA:171,0
DA:173,0
DA:175,0
DA:177,0
DA:179,0
DA:180,0
DA:181,0
DA:182,0
DA:185,0
DA:187,0
DA:189,0
DA:194,0
DA:195,0
DA:197,0
DA:198,0
DA:199,0
DA:200,0
DA:202,0
DA:204,0
DA:206,0
DA:207,0
DA:208,0
DA:209,0
DA:211,0
DA:212,0
DA:213,0
DA:216,0
DA:219,0
DA:223,0
DA:225,0
DA:226,0
DA:229,0
DA:243,0
DA:244,0
DA:246,0
DA:247,0
DA:249,0
DA:251,0
DA:253,0
DA:254,0
DA:255,0
DA:257,0
DA:258,0
DA:260,0
DA:261,0
DA:262,0
DA:264,0
DA:265,0
DA:266,0
DA:269,0
DA:272,0
DA:276,0
DA:278,0
DA:279,0
DA:282,0
DA:290,0
DA:304,0
DA:305,0
DA:306,0
DA:307,0
DA:309,0
DA:311,0
DA:312,0
DA:322,0
DA:323,0
DA:324,0
DA:326,0
DA:328,0
DA:330,0
DA:331,0
DA:333,0
DA:335,0
DA:337,0
DA:342,0
DA:344,0
DA:356,0
DA:358,0
DA:364,0
DA:365,0
LF:152
LH:0
end_of_record
SF:lib\presentation\pages\watchlist_tv_series_page.dart
DA:8,1
DA:10,1
DA:11,1
DA:16,1
DA:18,1
DA:19,5
DA:20,1
DA:24,1
DA:26,1
DA:27,4
DA:30,0
DA:31,0
DA:32,0
DA:36,1
DA:38,1
DA:39,1
DA:42,1
DA:44,1
DA:45,1
DA:46,1
DA:47,1
DA:48,2
DA:49,1
DA:50,2
DA:51,1
DA:54,1
DA:56,1
DA:75,1
DA:77,2
DA:78,1
LF:30
LH:27
end_of_record
